<?xml version="1.0" encoding="UTF-8"?>
<testng-results ignored="0" total="1" passed="1" failed="0" skipped="0">
  <reporter-output>
  </reporter-output>
  <suite started-at="2024-08-05T08:54:27 IST" name="Default suite" finished-at="2024-08-05T08:54:36 IST" duration-ms="8976">
    <groups>
    </groups>
    <test started-at="2024-08-05T08:54:27 IST" name="Default test" finished-at="2024-08-05T08:54:36 IST" duration-ms="8976">
      <class name="mypackage.TestNGBasic">
        <test-method is-config="true" signature="login()[pri:0, instance:mypackage.TestNGBasic@43c1b556]" started-at="2024-08-05T08:54:27 IST" name="login" finished-at="2024-08-05T08:54:27 IST" duration-ms="6" status="PASS">
          <reporter-output>
          </reporter-output>
        </test-method> <!-- login -->
        <test-method is-config="true" signature="LaunchBrowser()[pri:0, instance:mypackage.TestNGBasic@43c1b556]" started-at="2024-08-05T08:54:27 IST" name="LaunchBrowser" finished-at="2024-08-05T08:54:29 IST" duration-ms="1286" status="PASS">
          <reporter-output>
          </reporter-output>
        </test-method> <!-- LaunchBrowser -->
        <test-method is-config="true" signature="enterURL()[pri:0, instance:mypackage.TestNGBasic@43c1b556]" started-at="2024-08-05T08:54:29 IST" name="enterURL" finished-at="2024-08-05T08:54:33 IST" duration-ms="3995" status="PASS">
          <reporter-output>
          </reporter-output>
        </test-method> <!-- enterURL -->
        <test-method signature="FitPeo()[pri:0, instance:mypackage.TestNGBasic@43c1b556]" started-at="2024-08-05T08:54:33 IST" name="FitPeo" finished-at="2024-08-05T08:54:36 IST" duration-ms="3432" status="PASS">
          <reporter-output>
          </reporter-output>
        </test-method> <!-- FitPeo -->
        <test-method is-config="true" signature="CloseBrowser()[pri:0, instance:mypackage.TestNGBasic@43c1b556]" started-at="2024-08-05T08:54:36 IST" name="CloseBrowser" finished-at="2024-08-05T08:54:36 IST" duration-ms="212" status="PASS">
          <reporter-output>
          </reporter-output>
        </test-method> <!-- CloseBrowser -->
      </class> <!-- mypackage.TestNGBasic -->
    </test> <!-- Default test -->
  </suite> <!-- Default suite -->
</testng-results>
